<?xml version="1.0" encoding="UTF-8"?>
<testsuite xmlns:xsi="http://www.w3.org/2001/XMLSchema-instance" xsi:noNamespaceSchemaLocation="https://maven.apache.org/surefire/maven-surefire-plugin/xsd/surefire-test-report-3.0.xsd" version="3.0" name="org.example.service.test.AuthServiceTest" time="0.516" tests="2" errors="0" skipped="0" failures="0">
  <properties>
    <property name="sun.desktop" value="gnome"/>
    <property name="awt.toolkit" value="sun.awt.X11.XToolkit"/>
    <property name="file.encoding.pkg" value="sun.io"/>
    <property name="java.specification.version" value="1.8"/>
    <property name="sun.cpu.isalist" value=""/>
    <property name="sun.jnu.encoding" value="UTF-8"/>
    <property name="java.class.path" value="/home/nhidh99/uitWork/uitSE/laptop-store/laptop-store-service/target/test-classes:/home/nhidh99/uitWork/uitSE/laptop-store/laptop-store-service/target/classes:/home/nhidh99/uitWork/uitSE/laptop-store/laptop-store-api/target/laptop-store-api-1.0-SNAPSHOT.jar:/home/nhidh99/.m2/repository/com/fasterxml/jackson/core/jackson-annotations/2.10.3/jackson-annotations-2.10.3.jar:/home/nhidh99/.m2/repository/org/apache/cxf/cxf-bundle-jaxrs/2.7.18/cxf-bundle-jaxrs-2.7.18.jar:/home/nhidh99/.m2/repository/org/codehaus/woodstox/woodstox-core-asl/4.4.1/woodstox-core-asl-4.4.1.jar:/home/nhidh99/.m2/repository/org/codehaus/woodstox/stax2-api/3.1.4/stax2-api-3.1.4.jar:/home/nhidh99/.m2/repository/org/apache/ws/xmlschema/xmlschema-core/2.1.0/xmlschema-core-2.1.0.jar:/home/nhidh99/.m2/repository/org/apache/geronimo/specs/geronimo-javamail_1.4_spec/1.7.1/geronimo-javamail_1.4_spec-1.7.1.jar:/home/nhidh99/.m2/repository/wsdl4j/wsdl4j/1.6.3/wsdl4j-1.6.3.jar:/home/nhidh99/.m2/repository/com/sun/xml/bind/jaxb-impl/2.2.6/jaxb-impl-2.2.6.jar:/home/nhidh99/.m2/repository/org/eclipse/jetty/jetty-server/8.1.15.v20140411/jetty-server-8.1.15.v20140411.jar:/home/nhidh99/.m2/repository/org/eclipse/jetty/jetty-continuation/8.1.15.v20140411/jetty-continuation-8.1.15.v20140411.jar:/home/nhidh99/.m2/repository/org/eclipse/jetty/jetty-http/8.1.15.v20140411/jetty-http-8.1.15.v20140411.jar:/home/nhidh99/.m2/repository/org/eclipse/jetty/jetty-io/8.1.15.v20140411/jetty-io-8.1.15.v20140411.jar:/home/nhidh99/.m2/repository/org/eclipse/jetty/jetty-util/8.1.15.v20140411/jetty-util-8.1.15.v20140411.jar:/home/nhidh99/.m2/repository/org/eclipse/jetty/jetty-security/8.1.15.v20140411/jetty-security-8.1.15.v20140411.jar:/home/nhidh99/.m2/repository/org/slf4j/slf4j-api/1.7.9/slf4j-api-1.7.9.jar:/home/nhidh99/.m2/repository/org/apache/geronimo/specs/geronimo-servlet_3.0_spec/1.0/geronimo-servlet_3.0_spec-1.0.jar:/home/nhidh99/.m2/repository/javax/ws/rs/javax.ws.rs-api/2.0-m10/javax.ws.rs-api-2.0-m10.jar:/home/nhidh99/.m2/repository/org/hibernate/hibernate-core/5.4.2.Final/hibernate-core-5.4.2.Final.jar:/home/nhidh99/.m2/repository/org/jboss/logging/jboss-logging/3.3.2.Final/jboss-logging-3.3.2.Final.jar:/home/nhidh99/.m2/repository/javax/persistence/javax.persistence-api/2.2/javax.persistence-api-2.2.jar:/home/nhidh99/.m2/repository/org/javassist/javassist/3.24.0-GA/javassist-3.24.0-GA.jar:/home/nhidh99/.m2/repository/net/bytebuddy/byte-buddy/1.9.10/byte-buddy-1.9.10.jar:/home/nhidh99/.m2/repository/antlr/antlr/2.7.7/antlr-2.7.7.jar:/home/nhidh99/.m2/repository/org/jboss/spec/javax/transaction/jboss-transaction-api_1.2_spec/1.1.1.Final/jboss-transaction-api_1.2_spec-1.1.1.Final.jar:/home/nhidh99/.m2/repository/org/jboss/jandex/2.0.5.Final/jandex-2.0.5.Final.jar:/home/nhidh99/.m2/repository/com/fasterxml/classmate/1.3.4/classmate-1.3.4.jar:/home/nhidh99/.m2/repository/javax/activation/javax.activation-api/1.2.0/javax.activation-api-1.2.0.jar:/home/nhidh99/.m2/repository/org/dom4j/dom4j/2.1.1/dom4j-2.1.1.jar:/home/nhidh99/.m2/repository/org/hibernate/common/hibernate-commons-annotations/5.1.0.Final/hibernate-commons-annotations-5.1.0.Final.jar:/home/nhidh99/.m2/repository/javax/xml/bind/jaxb-api/2.3.1/jaxb-api-2.3.1.jar:/home/nhidh99/.m2/repository/org/glassfish/jaxb/jaxb-runtime/2.3.1/jaxb-runtime-2.3.1.jar:/home/nhidh99/.m2/repository/org/glassfish/jaxb/txw2/2.3.1/txw2-2.3.1.jar:/home/nhidh99/.m2/repository/com/sun/istack/istack-commons-runtime/3.0.7/istack-commons-runtime-3.0.7.jar:/home/nhidh99/.m2/repository/org/jvnet/staxex/stax-ex/1.8/stax-ex-1.8.jar:/home/nhidh99/.m2/repository/com/sun/xml/fastinfoset/FastInfoset/1.2.15/FastInfoset-1.2.15.jar:/home/nhidh99/.m2/repository/com/fasterxml/jackson/core/jackson-databind/2.10.3/jackson-databind-2.10.3.jar:/home/nhidh99/.m2/repository/com/fasterxml/jackson/core/jackson-core/2.10.3/jackson-core-2.10.3.jar:/home/nhidh99/.m2/repository/org/apache/cxf/cxf-rt-frontend-jaxrs/3.3.5/cxf-rt-frontend-jaxrs-3.3.5.jar:/home/nhidh99/.m2/repository/org/apache/cxf/cxf-core/3.3.5/cxf-core-3.3.5.jar:/home/nhidh99/.m2/repository/com/fasterxml/woodstox/woodstox-core/5.0.3/woodstox-core-5.0.3.jar:/home/nhidh99/.m2/repository/jakarta/xml/bind/jakarta.xml.bind-api/2.3.2/jakarta.xml.bind-api-2.3.2.jar:/home/nhidh99/.m2/repository/jakarta/activation/jakarta.activation-api/1.2.1/jakarta.activation-api-1.2.1.jar:/home/nhidh99/.m2/repository/jakarta/ws/rs/jakarta.ws.rs-api/2.1.5/jakarta.ws.rs-api-2.1.5.jar:/home/nhidh99/.m2/repository/javax/annotation/javax.annotation-api/1.3.2/javax.annotation-api-1.3.2.jar:/home/nhidh99/.m2/repository/org/apache/cxf/cxf-rt-transports-http/3.3.5/cxf-rt-transports-http-3.3.5.jar:/home/nhidh99/.m2/repository/org/apache/cxf/cxf-rt-security/3.3.5/cxf-rt-security-3.3.5.jar:/home/nhidh99/uitWork/uitSE/laptop-store/laptop-store-util/target/laptop-store-util-1.0-SNAPSHOT.jar:/home/nhidh99/.m2/repository/io/jsonwebtoken/jjwt/0.9.0/jjwt-0.9.0.jar:/home/nhidh99/uitWork/uitSE/laptop-store/laptop-store-dao/target/laptop-store-dao-1.0-SNAPSHOT.jar:/home/nhidh99/.m2/repository/org/mindrot/jbcrypt/0.4/jbcrypt-0.4.jar:/home/nhidh99/uitWork/uitSE/laptop-store/laptop-store-security/target/laptop-store-security-1.0-SNAPSHOT.jar:/home/nhidh99/.m2/repository/javax/enterprise/cdi-api/2.0.SP1/cdi-api-2.0.SP1.jar:/home/nhidh99/.m2/repository/javax/el/javax.el-api/3.0.0/javax.el-api-3.0.0.jar:/home/nhidh99/.m2/repository/javax/interceptor/javax.interceptor-api/1.2/javax.interceptor-api-1.2.jar:/home/nhidh99/.m2/repository/javax/inject/javax.inject/1/javax.inject-1.jar:/home/nhidh99/.m2/repository/junit/junit/4.13/junit-4.13.jar:/home/nhidh99/.m2/repository/org/hamcrest/hamcrest-core/1.3/hamcrest-core-1.3.jar:/home/nhidh99/.m2/repository/org/mockito/mockito-all/2.0.2-beta/mockito-all-2.0.2-beta.jar:"/>
    <property name="java.vm.vendor" value="Private Build"/>
    <property name="sun.arch.data.model" value="64"/>
    <property name="java.vendor.url" value="http://java.oracle.com/"/>
    <property name="user.timezone" value=""/>
    <property name="java.vm.specification.version" value="1.8"/>
    <property name="os.name" value="Linux"/>
    <property name="user.country" value="US"/>
    <property name="sun.java.launcher" value="SUN_STANDARD"/>
    <property name="sun.boot.library.path" value="/usr/lib/jvm/java-8-openjdk-amd64/jre/lib/amd64"/>
    <property name="sun.java.command" value="/home/nhidh99/uitWork/uitSE/laptop-store/laptop-store-service/target/surefire/surefirebooter6305145699975901984.jar /home/nhidh99/uitWork/uitSE/laptop-store/laptop-store-service/target/surefire 2020-08-03T17-37-18_064-jvmRun1 surefire6424322859229055936tmp surefire_02292310600914190987tmp"/>
    <property name="surefire.test.class.path" value="/home/nhidh99/uitWork/uitSE/laptop-store/laptop-store-service/target/test-classes:/home/nhidh99/uitWork/uitSE/laptop-store/laptop-store-service/target/classes:/home/nhidh99/uitWork/uitSE/laptop-store/laptop-store-api/target/laptop-store-api-1.0-SNAPSHOT.jar:/home/nhidh99/.m2/repository/com/fasterxml/jackson/core/jackson-annotations/2.10.3/jackson-annotations-2.10.3.jar:/home/nhidh99/.m2/repository/org/apache/cxf/cxf-bundle-jaxrs/2.7.18/cxf-bundle-jaxrs-2.7.18.jar:/home/nhidh99/.m2/repository/org/codehaus/woodstox/woodstox-core-asl/4.4.1/woodstox-core-asl-4.4.1.jar:/home/nhidh99/.m2/repository/org/codehaus/woodstox/stax2-api/3.1.4/stax2-api-3.1.4.jar:/home/nhidh99/.m2/repository/org/apache/ws/xmlschema/xmlschema-core/2.1.0/xmlschema-core-2.1.0.jar:/home/nhidh99/.m2/repository/org/apache/geronimo/specs/geronimo-javamail_1.4_spec/1.7.1/geronimo-javamail_1.4_spec-1.7.1.jar:/home/nhidh99/.m2/repository/wsdl4j/wsdl4j/1.6.3/wsdl4j-1.6.3.jar:/home/nhidh99/.m2/repository/com/sun/xml/bind/jaxb-impl/2.2.6/jaxb-impl-2.2.6.jar:/home/nhidh99/.m2/repository/org/eclipse/jetty/jetty-server/8.1.15.v20140411/jetty-server-8.1.15.v20140411.jar:/home/nhidh99/.m2/repository/org/eclipse/jetty/jetty-continuation/8.1.15.v20140411/jetty-continuation-8.1.15.v20140411.jar:/home/nhidh99/.m2/repository/org/eclipse/jetty/jetty-http/8.1.15.v20140411/jetty-http-8.1.15.v20140411.jar:/home/nhidh99/.m2/repository/org/eclipse/jetty/jetty-io/8.1.15.v20140411/jetty-io-8.1.15.v20140411.jar:/home/nhidh99/.m2/repository/org/eclipse/jetty/jetty-util/8.1.15.v20140411/jetty-util-8.1.15.v20140411.jar:/home/nhidh99/.m2/repository/org/eclipse/jetty/jetty-security/8.1.15.v20140411/jetty-security-8.1.15.v20140411.jar:/home/nhidh99/.m2/repository/org/slf4j/slf4j-api/1.7.9/slf4j-api-1.7.9.jar:/home/nhidh99/.m2/repository/org/apache/geronimo/specs/geronimo-servlet_3.0_spec/1.0/geronimo-servlet_3.0_spec-1.0.jar:/home/nhidh99/.m2/repository/javax/ws/rs/javax.ws.rs-api/2.0-m10/javax.ws.rs-api-2.0-m10.jar:/home/nhidh99/.m2/repository/org/hibernate/hibernate-core/5.4.2.Final/hibernate-core-5.4.2.Final.jar:/home/nhidh99/.m2/repository/org/jboss/logging/jboss-logging/3.3.2.Final/jboss-logging-3.3.2.Final.jar:/home/nhidh99/.m2/repository/javax/persistence/javax.persistence-api/2.2/javax.persistence-api-2.2.jar:/home/nhidh99/.m2/repository/org/javassist/javassist/3.24.0-GA/javassist-3.24.0-GA.jar:/home/nhidh99/.m2/repository/net/bytebuddy/byte-buddy/1.9.10/byte-buddy-1.9.10.jar:/home/nhidh99/.m2/repository/antlr/antlr/2.7.7/antlr-2.7.7.jar:/home/nhidh99/.m2/repository/org/jboss/spec/javax/transaction/jboss-transaction-api_1.2_spec/1.1.1.Final/jboss-transaction-api_1.2_spec-1.1.1.Final.jar:/home/nhidh99/.m2/repository/org/jboss/jandex/2.0.5.Final/jandex-2.0.5.Final.jar:/home/nhidh99/.m2/repository/com/fasterxml/classmate/1.3.4/classmate-1.3.4.jar:/home/nhidh99/.m2/repository/javax/activation/javax.activation-api/1.2.0/javax.activation-api-1.2.0.jar:/home/nhidh99/.m2/repository/org/dom4j/dom4j/2.1.1/dom4j-2.1.1.jar:/home/nhidh99/.m2/repository/org/hibernate/common/hibernate-commons-annotations/5.1.0.Final/hibernate-commons-annotations-5.1.0.Final.jar:/home/nhidh99/.m2/repository/javax/xml/bind/jaxb-api/2.3.1/jaxb-api-2.3.1.jar:/home/nhidh99/.m2/repository/org/glassfish/jaxb/jaxb-runtime/2.3.1/jaxb-runtime-2.3.1.jar:/home/nhidh99/.m2/repository/org/glassfish/jaxb/txw2/2.3.1/txw2-2.3.1.jar:/home/nhidh99/.m2/repository/com/sun/istack/istack-commons-runtime/3.0.7/istack-commons-runtime-3.0.7.jar:/home/nhidh99/.m2/repository/org/jvnet/staxex/stax-ex/1.8/stax-ex-1.8.jar:/home/nhidh99/.m2/repository/com/sun/xml/fastinfoset/FastInfoset/1.2.15/FastInfoset-1.2.15.jar:/home/nhidh99/.m2/repository/com/fasterxml/jackson/core/jackson-databind/2.10.3/jackson-databind-2.10.3.jar:/home/nhidh99/.m2/repository/com/fasterxml/jackson/core/jackson-core/2.10.3/jackson-core-2.10.3.jar:/home/nhidh99/.m2/repository/org/apache/cxf/cxf-rt-frontend-jaxrs/3.3.5/cxf-rt-frontend-jaxrs-3.3.5.jar:/home/nhidh99/.m2/repository/org/apache/cxf/cxf-core/3.3.5/cxf-core-3.3.5.jar:/home/nhidh99/.m2/repository/com/fasterxml/woodstox/woodstox-core/5.0.3/woodstox-core-5.0.3.jar:/home/nhidh99/.m2/repository/jakarta/xml/bind/jakarta.xml.bind-api/2.3.2/jakarta.xml.bind-api-2.3.2.jar:/home/nhidh99/.m2/repository/jakarta/activation/jakarta.activation-api/1.2.1/jakarta.activation-api-1.2.1.jar:/home/nhidh99/.m2/repository/jakarta/ws/rs/jakarta.ws.rs-api/2.1.5/jakarta.ws.rs-api-2.1.5.jar:/home/nhidh99/.m2/repository/javax/annotation/javax.annotation-api/1.3.2/javax.annotation-api-1.3.2.jar:/home/nhidh99/.m2/repository/org/apache/cxf/cxf-rt-transports-http/3.3.5/cxf-rt-transports-http-3.3.5.jar:/home/nhidh99/.m2/repository/org/apache/cxf/cxf-rt-security/3.3.5/cxf-rt-security-3.3.5.jar:/home/nhidh99/uitWork/uitSE/laptop-store/laptop-store-util/target/laptop-store-util-1.0-SNAPSHOT.jar:/home/nhidh99/.m2/repository/io/jsonwebtoken/jjwt/0.9.0/jjwt-0.9.0.jar:/home/nhidh99/uitWork/uitSE/laptop-store/laptop-store-dao/target/laptop-store-dao-1.0-SNAPSHOT.jar:/home/nhidh99/.m2/repository/org/mindrot/jbcrypt/0.4/jbcrypt-0.4.jar:/home/nhidh99/uitWork/uitSE/laptop-store/laptop-store-security/target/laptop-store-security-1.0-SNAPSHOT.jar:/home/nhidh99/.m2/repository/javax/enterprise/cdi-api/2.0.SP1/cdi-api-2.0.SP1.jar:/home/nhidh99/.m2/repository/javax/el/javax.el-api/3.0.0/javax.el-api-3.0.0.jar:/home/nhidh99/.m2/repository/javax/interceptor/javax.interceptor-api/1.2/javax.interceptor-api-1.2.jar:/home/nhidh99/.m2/repository/javax/inject/javax.inject/1/javax.inject-1.jar:/home/nhidh99/.m2/repository/junit/junit/4.13/junit-4.13.jar:/home/nhidh99/.m2/repository/org/hamcrest/hamcrest-core/1.3/hamcrest-core-1.3.jar:/home/nhidh99/.m2/repository/org/mockito/mockito-all/2.0.2-beta/mockito-all-2.0.2-beta.jar:"/>
    <property name="sun.cpu.endian" value="little"/>
    <property name="user.home" value="/home/nhidh99"/>
    <property name="user.language" value="en"/>
    <property name="java.specification.vendor" value="Oracle Corporation"/>
    <property name="java.home" value="/usr/lib/jvm/java-8-openjdk-amd64/jre"/>
    <property name="basedir" value="/home/nhidh99/uitWork/uitSE/laptop-store/laptop-store-service"/>
    <property name="file.separator" value="/"/>
    <property name="line.separator" value="&#10;"/>
    <property name="java.vm.specification.vendor" value="Oracle Corporation"/>
    <property name="java.specification.name" value="Java Platform API Specification"/>
    <property name="java.awt.graphicsenv" value="sun.awt.X11GraphicsEnvironment"/>
    <property name="surefire.real.class.path" value="/home/nhidh99/uitWork/uitSE/laptop-store/laptop-store-service/target/surefire/surefirebooter6305145699975901984.jar"/>
    <property name="sun.boot.class.path" value="/usr/lib/jvm/java-8-openjdk-amd64/jre/lib/resources.jar:/usr/lib/jvm/java-8-openjdk-amd64/jre/lib/rt.jar:/usr/lib/jvm/java-8-openjdk-amd64/jre/lib/sunrsasign.jar:/usr/lib/jvm/java-8-openjdk-amd64/jre/lib/jsse.jar:/usr/lib/jvm/java-8-openjdk-amd64/jre/lib/jce.jar:/usr/lib/jvm/java-8-openjdk-amd64/jre/lib/charsets.jar:/usr/lib/jvm/java-8-openjdk-amd64/jre/lib/jfr.jar:/usr/lib/jvm/java-8-openjdk-amd64/jre/classes"/>
    <property name="sun.management.compiler" value="HotSpot 64-Bit Tiered Compilers"/>
    <property name="java.runtime.version" value="1.8.0_252-8u252-b09-1ubuntu1-b09"/>
    <property name="user.name" value="nhidh99"/>
    <property name="path.separator" value=":"/>
    <property name="os.version" value="5.4.0-42-generic"/>
    <property name="java.endorsed.dirs" value="/usr/lib/jvm/java-8-openjdk-amd64/jre/lib/endorsed"/>
    <property name="java.runtime.name" value="OpenJDK Runtime Environment"/>
    <property name="file.encoding" value="UTF-8"/>
    <property name="java.vm.name" value="OpenJDK 64-Bit Server VM"/>
    <property name="localRepository" value="/home/nhidh99/.m2/repository"/>
    <property name="java.vendor.url.bug" value="http://bugreport.sun.com/bugreport/"/>
    <property name="java.io.tmpdir" value="/tmp"/>
    <property name="java.version" value="1.8.0_252"/>
    <property name="user.dir" value="/home/nhidh99/uitWork/uitSE/laptop-store/laptop-store-service"/>
    <property name="os.arch" value="amd64"/>
    <property name="java.vm.specification.name" value="Java Virtual Machine Specification"/>
    <property name="java.awt.printerjob" value="sun.print.PSPrinterJob"/>
    <property name="sun.os.patch.level" value="unknown"/>
    <property name="java.library.path" value="/usr/java/packages/lib/amd64:/usr/lib/x86_64-linux-gnu/jni:/lib/x86_64-linux-gnu:/usr/lib/x86_64-linux-gnu:/usr/lib/jni:/lib:/usr/lib"/>
    <property name="java.vm.info" value="mixed mode"/>
    <property name="java.vendor" value="Private Build"/>
    <property name="java.vm.version" value="25.252-b09"/>
    <property name="java.ext.dirs" value="/usr/lib/jvm/java-8-openjdk-amd64/jre/lib/ext:/usr/java/packages/lib/ext"/>
    <property name="sun.io.unicode.encoding" value="UnicodeLittle"/>
    <property name="java.class.version" value="52.0"/>
  </properties>
  <testcase name="testLogin_withValidLoginInput" classname="org.example.service.test.AuthServiceTest" time="0.369"/>
  <testcase name="testLogin_withInvalidLoginInput" classname="org.example.service.test.AuthServiceTest" time="0"/>
</testsuite>